<?xml version="1.0" encoding="UTF-8"?>
<!-- Generated by org.testng.reporters.JUnitReportReporter -->
<testsuite hostname="DESKTOP-UK5D04V" failures="0" tests="1" name="testScripts.LoginUsingParameters" time="8.848" errors="0" timestamp="2024-04-11T15:12:31 IST" skipped="0">
  <testcase classname="testScripts.LoginUsingParameters" name="login" time="8.848"/>
  <system-out/>
</testsuite> <!-- testScripts.LoginUsingParameters -->
