<?xml version="1.0" encoding="UTF-8"?>
<!-- Generated by org.testng.reporters.JUnitReportReporter -->
<testsuite hostname="DESKTOP-UK5D04V" failures="0" tests="1" name="testScripts.LoginUsingProperties" time="40.561" errors="0" timestamp="2024-04-11T14:51:33 IST" skipped="0">
  <testcase classname="testScripts.LoginUsingProperties" name="login" time="40.561"/>
  <system-out/>
</testsuite> <!-- testScripts.LoginUsingProperties -->
