<?xml version="1.0" encoding="UTF-8"?>
<!-- Generated by org.testng.reporters.JUnitReportReporter -->
<testsuite hostname="DESKTOP-UK5D04V" failures="0" tests="1" name="testScripts.TestCase1" time="6.681" errors="0" timestamp="2024-04-10T20:41:31 IST" skipped="0">
  <testcase classname="testScripts.TestCase1" name="login" time="6.681"/>
  <system-out/>
</testsuite> <!-- testScripts.TestCase1 -->
