<?xml version="1.0" encoding="UTF-8"?>
<!-- Generated by org.testng.reporters.JUnitReportReporter -->
<testsuite hostname="DESKTOP-UK5D04V" failures="0" tests="3" name="testScripts.LoginUsingExcel" time="20.219" errors="0" timestamp="2024-04-11T16:57:02 IST" skipped="0">
  <testcase classname="testScripts.LoginUsingExcel" name="login" time="7.279"/>
  <system-out/>
  <testcase classname="testScripts.LoginUsingExcel" name="login" time="6.656"/>
  <system-out/>
  <testcase classname="testScripts.LoginUsingExcel" name="login" time="6.284"/>
  <system-out/>
</testsuite> <!-- testScripts.LoginUsingExcel -->
