<?xml version="1.0" encoding="UTF-8"?>
<!-- Generated by org.testng.reporters.JUnitReportReporter -->
<testsuite hostname="DESKTOP-UK5D04V" failures="0" tests="1" name="testScripts.LoginUsingProperties" time="8.578" errors="0" timestamp="2024-04-11T15:12:31 IST" skipped="0">
  <testcase classname="testScripts.LoginUsingProperties" name="login" time="8.578"/>
  <system-out/>
</testsuite> <!-- testScripts.LoginUsingProperties -->
