<?xml version="1.0" encoding="UTF-8"?>
<!-- Generated by org.testng.reporters.JUnitReportReporter -->
<testsuite hostname="DESKTOP-UK5D04V" failures="0" tests="1" name="testScripts.LoginUsingParameters" time="7.957" errors="0" timestamp="2024-04-11T08:05:40 IST" skipped="0">
  <testcase classname="testScripts.LoginUsingParameters" name="login" time="7.957"/>
  <system-out/>
</testsuite> <!-- testScripts.LoginUsingParameters -->
